ProcessID=10 : Parent_ProcessID=2 : Average_Running_Time=.00158151606382090050
ProcessID=11 : Parent_ProcessID=2 : Average_Running_Time=.00161600000000000000
ProcessID=12 : Parent_ProcessID=2 : Average_Running_Time=.00590945084269662921
ProcessID=13 : Parent_ProcessID=2 : Average_Running_Time=.07283392857142857142
ProcessID=140 : Parent_ProcessID=2 : Average_Running_Time=0
ProcessID=141 : Parent_ProcessID=2 : Average_Running_Time=0
ProcessID=142 : Parent_ProcessID=2 : Average_Running_Time=0
ProcessID=143 : Parent_ProcessID=2 : Average_Running_Time=0
ProcessID=144 : Parent_ProcessID=2 : Average_Running_Time=.00058950000000000000
ProcessID=1462 : Parent_ProcessID=2 : Average_Running_Time=.04887443780493471492
ProcessID=146 : Parent_ProcessID=2 : Average_Running_Time=0
ProcessID=1518 : Parent_ProcessID=2 : Average_Running_Time=.09055123312883435582
ProcessID=1523 : Parent_ProcessID=2 : Average_Running_Time=.04957155357142857142
ProcessID=15 : Parent_ProcessID=2 : Average_Running_Time=.01339826950354609929
ProcessID=16 : Parent_ProcessID=2 : Average_Running_Time=.00053800000000000000
ProcessID=17 : Parent_ProcessID=2 : Average_Running_Time=.04228389655172413793
ProcessID=18 : Parent_ProcessID=2 : Average_Running_Time=.01926908000000000000
ProcessID=19 : Parent_ProcessID=2 : Average_Running_Time=.21982066666666666666
ProcessID=20 : Parent_ProcessID=2 : Average_Running_Time=0
ProcessID=21 : Parent_ProcessID=2 : Average_Running_Time=0
ProcessID=22 : Parent_ProcessID=2 : Average_Running_Time=0
ProcessID=23 : Parent_ProcessID=2 : Average_Running_Time=.07370361619718309859
ProcessID=24 : Parent_ProcessID=2 : Average_Running_Time=0
ProcessID=25 : Parent_ProcessID=2 : Average_Running_Time=0
ProcessID=26 : Parent_ProcessID=2 : Average_Running_Time=.00337550000000000000
ProcessID=27 : Parent_ProcessID=2 : Average_Running_Time=.00082800000000000000
ProcessID=28 : Parent_ProcessID=2 : Average_Running_Time=.00175750000000000000
ProcessID=29 : Parent_ProcessID=2 : Average_Running_Time=.00192500000000000000
ProcessID=30 : Parent_ProcessID=2 : Average_Running_Time=.00188550000000000000
ProcessID=3 : Parent_ProcessID=2 : Average_Running_Time=0
ProcessID=33 : Parent_ProcessID=2 : Average_Running_Time=.00625301243980738362
ProcessID=4 : Parent_ProcessID=2 : Average_Running_Time=0
ProcessID=438 : Parent_ProcessID=2 : Average_Running_Time=.00080050000000000000
ProcessID=440 : Parent_ProcessID=2 : Average_Running_Time=3.48337625000000000000
ProcessID=441 : Parent_ProcessID=2 : Average_Running_Time=.00320300000000000000
ProcessID=442 : Parent_ProcessID=2 : Average_Running_Time=.08397452272727272727
ProcessID=443 : Parent_ProcessID=2 : Average_Running_Time=.00336750000000000000
ProcessID=444 : Parent_ProcessID=2 : Average_Running_Time=.16788304166666666666
ProcessID=445 : Parent_ProcessID=2 : Average_Running_Time=.00293900000000000000
ProcessID=453 : Parent_ProcessID=2 : Average_Running_Time=.03013498741808650065
ProcessID=47 : Parent_ProcessID=2 : Average_Running_Time=0
ProcessID=510 : Parent_ProcessID=2 : Average_Running_Time=.00411250000000000000
ProcessID=520 : Parent_ProcessID=2 : Average_Running_Time=.00307100000000000000
ProcessID=557 : Parent_ProcessID=2 : Average_Running_Time=.05714874846625766871
ProcessID=558 : Parent_ProcessID=2 : Average_Running_Time=.00531750000000000000
ProcessID=6 : Parent_ProcessID=2 : Average_Running_Time=.00839300000000000000
ProcessID=727 : Parent_ProcessID=2 : Average_Running_Time=.00050838171147018332
ProcessID=728 : Parent_ProcessID=2 : Average_Running_Time=.00602400000000000000
ProcessID=729 : Parent_ProcessID=2 : Average_Running_Time=.00858050000000000000
ProcessID=7 : Parent_ProcessID=2 : Average_Running_Time=.05655682272727272727
ProcessID=755 : Parent_ProcessID=2 : Average_Running_Time=.03015516666666666666
ProcessID=756 : Parent_ProcessID=2 : Average_Running_Time=.00449950000000000000
ProcessID=763 : Parent_ProcessID=2 : Average_Running_Time=.00291750000000000000
ProcessID=767 : Parent_ProcessID=2 : Average_Running_Time=.00322300000000000000
ProcessID=768 : Parent_ProcessID=2 : Average_Running_Time=.00409950000000000000
ProcessID=771 : Parent_ProcessID=2 : Average_Running_Time=.00326650000000000000
ProcessID=772 : Parent_ProcessID=2 : Average_Running_Time=.00324750000000000000
ProcessID=773 : Parent_ProcessID=2 : Average_Running_Time=.00127050000000000000
ProcessID=774 : Parent_ProcessID=2 : Average_Running_Time=.00118950000000000000
ProcessID=775 : Parent_ProcessID=2 : Average_Running_Time=.00325200000000000000
ProcessID=776 : Parent_ProcessID=2 : Average_Running_Time=.02644833333333333333
ProcessID=814 : Parent_ProcessID=2 : Average_Running_Time=.00381150000000000000
ProcessID=816 : Parent_ProcessID=2 : Average_Running_Time=.00170150000000000000
ProcessID=817 : Parent_ProcessID=2 : Average_Running_Time=.00415650000000000000
ProcessID=8 : Parent_ProcessID=2 : Average_Running_Time=.00252350000000000000
ProcessID=9 : Parent_ProcessID=2 : Average_Running_Time=.01133577517513134851
Average_Sleeping_Children_of_ParentID=2 is .07104628320051862048
ProcessID=1 : Parent_ProcessID=0 : Average_Running_Time=.61482839710332900994
ProcessID=2 : Parent_ProcessID=0 : Average_Running_Time=.01826891712707182320
Average_Sleeping_Children_of_ParentID=0 is .31654865711520041657
ProcessID=1112 : Parent_ProcessID=1 : Average_Running_Time=3.02516385057471264367
ProcessID=1115 : Parent_ProcessID=1 : Average_Running_Time=.80076100000000000000
ProcessID=1116 : Parent_ProcessID=1 : Average_Running_Time=.60560099130434782608
ProcessID=1408 : Parent_ProcessID=1 : Average_Running_Time=2.28027213559322033898
ProcessID=649 : Parent_ProcessID=1 : Average_Running_Time=1.13048519931662870159
ProcessID=675 : Parent_ProcessID=1 : Average_Running_Time=1.03855768132942326490
ProcessID=798 : Parent_ProcessID=1 : Average_Running_Time=.27791363333333333333
ProcessID=800 : Parent_ProcessID=1 : Average_Running_Time=.07619997413793103448
ProcessID=828 : Parent_ProcessID=1 : Average_Running_Time=.46318902150537634408
ProcessID=830 : Parent_ProcessID=1 : Average_Running_Time=.16224612500000000000
ProcessID=831 : Parent_ProcessID=1 : Average_Running_Time=.35207878594249201277
ProcessID=835 : Parent_ProcessID=1 : Average_Running_Time=.55057794366197183098
ProcessID=838 : Parent_ProcessID=1 : Average_Running_Time=.25304926366120218579
ProcessID=839 : Parent_ProcessID=1 : Average_Running_Time=.20374119540229885057
ProcessID=840 : Parent_ProcessID=1 : Average_Running_Time=.26979017391304347826
ProcessID=841 : Parent_ProcessID=1 : Average_Running_Time=.08275742718446601941
ProcessID=848 : Parent_ProcessID=1 : Average_Running_Time=.23612082962962962962
ProcessID=849 : Parent_ProcessID=1 : Average_Running_Time=.12801297676214998390
ProcessID=866 : Parent_ProcessID=1 : Average_Running_Time=.85824135463121783876
ProcessID=869 : Parent_ProcessID=1 : Average_Running_Time=1.07034943928194297782
ProcessID=882 : Parent_ProcessID=1 : Average_Running_Time=.49075819650655021834
ProcessID=891 : Parent_ProcessID=1 : Average_Running_Time=.74197097262059973924
ProcessID=896 : Parent_ProcessID=1 : Average_Running_Time=.38365568604651162790
Average_Sleeping_Children_of_ParentID=1 is .67310842857995869045
ProcessID=10 : Parent_ProcessID=2 : Average_Running_Time=.00158151606382090050
ProcessID=11 : Parent_ProcessID=2 : Average_Running_Time=.00161600000000000000
ProcessID=12 : Parent_ProcessID=2 : Average_Running_Time=.00590945084269662921
ProcessID=13 : Parent_ProcessID=2 : Average_Running_Time=.07283392857142857142
ProcessID=140 : Parent_ProcessID=2 : Average_Running_Time=0
ProcessID=141 : Parent_ProcessID=2 : Average_Running_Time=0
ProcessID=142 : Parent_ProcessID=2 : Average_Running_Time=0
ProcessID=143 : Parent_ProcessID=2 : Average_Running_Time=0
ProcessID=144 : Parent_ProcessID=2 : Average_Running_Time=.00058950000000000000
ProcessID=1462 : Parent_ProcessID=2 : Average_Running_Time=.04887443780493471492
ProcessID=146 : Parent_ProcessID=2 : Average_Running_Time=0
ProcessID=1518 : Parent_ProcessID=2 : Average_Running_Time=.09055123312883435582
ProcessID=1523 : Parent_ProcessID=2 : Average_Running_Time=.04957155357142857142
ProcessID=15 : Parent_ProcessID=2 : Average_Running_Time=.01339826950354609929
ProcessID=16 : Parent_ProcessID=2 : Average_Running_Time=.00053800000000000000
ProcessID=17 : Parent_ProcessID=2 : Average_Running_Time=.04228389655172413793
ProcessID=18 : Parent_ProcessID=2 : Average_Running_Time=.01926908000000000000
ProcessID=19 : Parent_ProcessID=2 : Average_Running_Time=.21982066666666666666
ProcessID=20 : Parent_ProcessID=2 : Average_Running_Time=0
ProcessID=21 : Parent_ProcessID=2 : Average_Running_Time=0
ProcessID=22 : Parent_ProcessID=2 : Average_Running_Time=0
ProcessID=23 : Parent_ProcessID=2 : Average_Running_Time=.07370361619718309859
ProcessID=24 : Parent_ProcessID=2 : Average_Running_Time=0
ProcessID=25 : Parent_ProcessID=2 : Average_Running_Time=0
ProcessID=26 : Parent_ProcessID=2 : Average_Running_Time=.00337550000000000000
ProcessID=27 : Parent_ProcessID=2 : Average_Running_Time=.00082800000000000000
ProcessID=28 : Parent_ProcessID=2 : Average_Running_Time=.00175750000000000000
ProcessID=29 : Parent_ProcessID=2 : Average_Running_Time=.00192500000000000000
ProcessID=30 : Parent_ProcessID=2 : Average_Running_Time=.00188550000000000000
ProcessID=3 : Parent_ProcessID=2 : Average_Running_Time=0
ProcessID=33 : Parent_ProcessID=2 : Average_Running_Time=.00625301243980738362
ProcessID=4 : Parent_ProcessID=2 : Average_Running_Time=0
ProcessID=438 : Parent_ProcessID=2 : Average_Running_Time=.00080050000000000000
ProcessID=440 : Parent_ProcessID=2 : Average_Running_Time=3.48337625000000000000
ProcessID=441 : Parent_ProcessID=2 : Average_Running_Time=.00320300000000000000
ProcessID=442 : Parent_ProcessID=2 : Average_Running_Time=.08397452272727272727
ProcessID=443 : Parent_ProcessID=2 : Average_Running_Time=.00336750000000000000
ProcessID=444 : Parent_ProcessID=2 : Average_Running_Time=.16788304166666666666
ProcessID=445 : Parent_ProcessID=2 : Average_Running_Time=.00293900000000000000
ProcessID=453 : Parent_ProcessID=2 : Average_Running_Time=.03013498741808650065
ProcessID=47 : Parent_ProcessID=2 : Average_Running_Time=0
ProcessID=510 : Parent_ProcessID=2 : Average_Running_Time=.00411250000000000000
ProcessID=520 : Parent_ProcessID=2 : Average_Running_Time=.00307100000000000000
ProcessID=557 : Parent_ProcessID=2 : Average_Running_Time=.05714874846625766871
ProcessID=558 : Parent_ProcessID=2 : Average_Running_Time=.00531750000000000000
ProcessID=6 : Parent_ProcessID=2 : Average_Running_Time=.00839300000000000000
ProcessID=727 : Parent_ProcessID=2 : Average_Running_Time=.00050838171147018332
ProcessID=728 : Parent_ProcessID=2 : Average_Running_Time=.00602400000000000000
ProcessID=729 : Parent_ProcessID=2 : Average_Running_Time=.00858050000000000000
ProcessID=7 : Parent_ProcessID=2 : Average_Running_Time=.05655682272727272727
ProcessID=755 : Parent_ProcessID=2 : Average_Running_Time=.03015516666666666666
ProcessID=756 : Parent_ProcessID=2 : Average_Running_Time=.00449950000000000000
ProcessID=763 : Parent_ProcessID=2 : Average_Running_Time=.00291750000000000000
ProcessID=767 : Parent_ProcessID=2 : Average_Running_Time=.00322300000000000000
ProcessID=768 : Parent_ProcessID=2 : Average_Running_Time=.00409950000000000000
ProcessID=771 : Parent_ProcessID=2 : Average_Running_Time=.00326650000000000000
ProcessID=772 : Parent_ProcessID=2 : Average_Running_Time=.00324750000000000000
ProcessID=773 : Parent_ProcessID=2 : Average_Running_Time=.00127050000000000000
ProcessID=774 : Parent_ProcessID=2 : Average_Running_Time=.00118950000000000000
ProcessID=775 : Parent_ProcessID=2 : Average_Running_Time=.00325200000000000000
ProcessID=776 : Parent_ProcessID=2 : Average_Running_Time=.02644833333333333333
ProcessID=814 : Parent_ProcessID=2 : Average_Running_Time=.00381150000000000000
ProcessID=816 : Parent_ProcessID=2 : Average_Running_Time=.00170150000000000000
ProcessID=817 : Parent_ProcessID=2 : Average_Running_Time=.00415650000000000000
ProcessID=8 : Parent_ProcessID=2 : Average_Running_Time=.00252350000000000000
ProcessID=9 : Parent_ProcessID=2 : Average_Running_Time=.01133577517513134851
Average_Sleeping_Children_of_ParentID=2 is .07104628320051862048
ProcessID=1112 : Parent_ProcessID=1 : Average_Running_Time=3.02516385057471264367
ProcessID=1115 : Parent_ProcessID=1 : Average_Running_Time=.80076100000000000000
ProcessID=1116 : Parent_ProcessID=1 : Average_Running_Time=.60560099130434782608
ProcessID=1408 : Parent_ProcessID=1 : Average_Running_Time=2.28027213559322033898
ProcessID=649 : Parent_ProcessID=1 : Average_Running_Time=1.13048519931662870159
ProcessID=675 : Parent_ProcessID=1 : Average_Running_Time=1.03855768132942326490
ProcessID=798 : Parent_ProcessID=1 : Average_Running_Time=.27791363333333333333
ProcessID=800 : Parent_ProcessID=1 : Average_Running_Time=.07619997413793103448
ProcessID=828 : Parent_ProcessID=1 : Average_Running_Time=.46318902150537634408
ProcessID=830 : Parent_ProcessID=1 : Average_Running_Time=.16224612500000000000
ProcessID=831 : Parent_ProcessID=1 : Average_Running_Time=.35207878594249201277
ProcessID=835 : Parent_ProcessID=1 : Average_Running_Time=.55057794366197183098
ProcessID=838 : Parent_ProcessID=1 : Average_Running_Time=.25304926366120218579
ProcessID=839 : Parent_ProcessID=1 : Average_Running_Time=.20374119540229885057
ProcessID=840 : Parent_ProcessID=1 : Average_Running_Time=.26979017391304347826
ProcessID=841 : Parent_ProcessID=1 : Average_Running_Time=.08275742718446601941
ProcessID=848 : Parent_ProcessID=1 : Average_Running_Time=.23612082962962962962
ProcessID=849 : Parent_ProcessID=1 : Average_Running_Time=.12801297676214998390
ProcessID=866 : Parent_ProcessID=1 : Average_Running_Time=.85824135463121783876
ProcessID=869 : Parent_ProcessID=1 : Average_Running_Time=1.07034943928194297782
ProcessID=882 : Parent_ProcessID=1 : Average_Running_Time=.49075819650655021834
ProcessID=891 : Parent_ProcessID=1 : Average_Running_Time=.74197097262059973924
ProcessID=896 : Parent_ProcessID=1 : Average_Running_Time=.38365568604651162790
Average_Sleeping_Children_of_ParentID=1 is .67310842857995869045
ProcessID=10 : Parent_ProcessID=2 : Average_Running_Time=.00158151606382090050
ProcessID=11 : Parent_ProcessID=2 : Average_Running_Time=.00161600000000000000
ProcessID=12 : Parent_ProcessID=2 : Average_Running_Time=.00590945084269662921
ProcessID=13 : Parent_ProcessID=2 : Average_Running_Time=.07283392857142857142
ProcessID=140 : Parent_ProcessID=2 : Average_Running_Time=0
ProcessID=141 : Parent_ProcessID=2 : Average_Running_Time=0
ProcessID=142 : Parent_ProcessID=2 : Average_Running_Time=0
ProcessID=143 : Parent_ProcessID=2 : Average_Running_Time=0
ProcessID=144 : Parent_ProcessID=2 : Average_Running_Time=.00058950000000000000
ProcessID=1462 : Parent_ProcessID=2 : Average_Running_Time=.04887443780493471492
ProcessID=146 : Parent_ProcessID=2 : Average_Running_Time=0
ProcessID=1518 : Parent_ProcessID=2 : Average_Running_Time=.09055123312883435582
ProcessID=1523 : Parent_ProcessID=2 : Average_Running_Time=.04957155357142857142
ProcessID=15 : Parent_ProcessID=2 : Average_Running_Time=.01339826950354609929
ProcessID=16 : Parent_ProcessID=2 : Average_Running_Time=.00053800000000000000
ProcessID=17 : Parent_ProcessID=2 : Average_Running_Time=.04228389655172413793
ProcessID=18 : Parent_ProcessID=2 : Average_Running_Time=.01926908000000000000
ProcessID=19 : Parent_ProcessID=2 : Average_Running_Time=.21982066666666666666
ProcessID=20 : Parent_ProcessID=2 : Average_Running_Time=0
ProcessID=21 : Parent_ProcessID=2 : Average_Running_Time=0
ProcessID=22 : Parent_ProcessID=2 : Average_Running_Time=0
ProcessID=23 : Parent_ProcessID=2 : Average_Running_Time=.07370361619718309859
ProcessID=24 : Parent_ProcessID=2 : Average_Running_Time=0
ProcessID=25 : Parent_ProcessID=2 : Average_Running_Time=0
ProcessID=26 : Parent_ProcessID=2 : Average_Running_Time=.00337550000000000000
ProcessID=27 : Parent_ProcessID=2 : Average_Running_Time=.00082800000000000000
ProcessID=28 : Parent_ProcessID=2 : Average_Running_Time=.00175750000000000000
ProcessID=29 : Parent_ProcessID=2 : Average_Running_Time=.00192500000000000000
ProcessID=30 : Parent_ProcessID=2 : Average_Running_Time=.00188550000000000000
ProcessID=3 : Parent_ProcessID=2 : Average_Running_Time=0
ProcessID=33 : Parent_ProcessID=2 : Average_Running_Time=.00625301243980738362
ProcessID=4 : Parent_ProcessID=2 : Average_Running_Time=0
ProcessID=438 : Parent_ProcessID=2 : Average_Running_Time=.00080050000000000000
ProcessID=440 : Parent_ProcessID=2 : Average_Running_Time=3.48337625000000000000
ProcessID=441 : Parent_ProcessID=2 : Average_Running_Time=.00320300000000000000
ProcessID=442 : Parent_ProcessID=2 : Average_Running_Time=.08397452272727272727
ProcessID=443 : Parent_ProcessID=2 : Average_Running_Time=.00336750000000000000
ProcessID=444 : Parent_ProcessID=2 : Average_Running_Time=.16788304166666666666
ProcessID=445 : Parent_ProcessID=2 : Average_Running_Time=.00293900000000000000
ProcessID=453 : Parent_ProcessID=2 : Average_Running_Time=.03013498741808650065
ProcessID=47 : Parent_ProcessID=2 : Average_Running_Time=0
ProcessID=510 : Parent_ProcessID=2 : Average_Running_Time=.00411250000000000000
ProcessID=520 : Parent_ProcessID=2 : Average_Running_Time=.00307100000000000000
ProcessID=557 : Parent_ProcessID=2 : Average_Running_Time=.05714874846625766871
ProcessID=558 : Parent_ProcessID=2 : Average_Running_Time=.00531750000000000000
ProcessID=6 : Parent_ProcessID=2 : Average_Running_Time=.00839300000000000000
ProcessID=727 : Parent_ProcessID=2 : Average_Running_Time=.00050838171147018332
ProcessID=728 : Parent_ProcessID=2 : Average_Running_Time=.00602400000000000000
ProcessID=729 : Parent_ProcessID=2 : Average_Running_Time=.00858050000000000000
ProcessID=7 : Parent_ProcessID=2 : Average_Running_Time=.05655682272727272727
ProcessID=755 : Parent_ProcessID=2 : Average_Running_Time=.03015516666666666666
ProcessID=756 : Parent_ProcessID=2 : Average_Running_Time=.00449950000000000000
ProcessID=763 : Parent_ProcessID=2 : Average_Running_Time=.00291750000000000000
ProcessID=767 : Parent_ProcessID=2 : Average_Running_Time=.00322300000000000000
ProcessID=768 : Parent_ProcessID=2 : Average_Running_Time=.00409950000000000000
ProcessID=771 : Parent_ProcessID=2 : Average_Running_Time=.00326650000000000000
ProcessID=772 : Parent_ProcessID=2 : Average_Running_Time=.00324750000000000000
ProcessID=773 : Parent_ProcessID=2 : Average_Running_Time=.00127050000000000000
ProcessID=774 : Parent_ProcessID=2 : Average_Running_Time=.00118950000000000000
ProcessID=775 : Parent_ProcessID=2 : Average_Running_Time=.00325200000000000000
ProcessID=776 : Parent_ProcessID=2 : Average_Running_Time=.02644833333333333333
ProcessID=814 : Parent_ProcessID=2 : Average_Running_Time=.00381150000000000000
ProcessID=816 : Parent_ProcessID=2 : Average_Running_Time=.00170150000000000000
ProcessID=817 : Parent_ProcessID=2 : Average_Running_Time=.00415650000000000000
ProcessID=8 : Parent_ProcessID=2 : Average_Running_Time=.00252350000000000000
ProcessID=9 : Parent_ProcessID=2 : Average_Running_Time=.01133577517513134851
Average_Sleeping_Children_of_ParentID=2 is .07104628320051862048
ProcessID=1414 : Parent_ProcessID=1408 : Average_Running_Time=.19260833333333333333
Average_Sleeping_Children_of_ParentID=1408 is .19260833333333333333
ProcessID=1420 : Parent_ProcessID=1116 : Average_Running_Time=.30374140648854961832
Average_Sleeping_Children_of_ParentID=1116 is .30374140648854961832
ProcessID=10 : Parent_ProcessID=2 : Average_Running_Time=.00158151606382090050
ProcessID=11 : Parent_ProcessID=2 : Average_Running_Time=.00161600000000000000
ProcessID=12 : Parent_ProcessID=2 : Average_Running_Time=.00590945084269662921
ProcessID=13 : Parent_ProcessID=2 : Average_Running_Time=.07283392857142857142
ProcessID=140 : Parent_ProcessID=2 : Average_Running_Time=0
ProcessID=141 : Parent_ProcessID=2 : Average_Running_Time=0
ProcessID=142 : Parent_ProcessID=2 : Average_Running_Time=0
ProcessID=143 : Parent_ProcessID=2 : Average_Running_Time=0
ProcessID=144 : Parent_ProcessID=2 : Average_Running_Time=.00058950000000000000
ProcessID=1462 : Parent_ProcessID=2 : Average_Running_Time=.04887443780493471492
ProcessID=146 : Parent_ProcessID=2 : Average_Running_Time=0
ProcessID=1518 : Parent_ProcessID=2 : Average_Running_Time=.09055123312883435582
ProcessID=1523 : Parent_ProcessID=2 : Average_Running_Time=.04957155357142857142
ProcessID=15 : Parent_ProcessID=2 : Average_Running_Time=.01339826950354609929
ProcessID=16 : Parent_ProcessID=2 : Average_Running_Time=.00053800000000000000
ProcessID=17 : Parent_ProcessID=2 : Average_Running_Time=.04228389655172413793
ProcessID=18 : Parent_ProcessID=2 : Average_Running_Time=.01926908000000000000
ProcessID=19 : Parent_ProcessID=2 : Average_Running_Time=.21982066666666666666
ProcessID=20 : Parent_ProcessID=2 : Average_Running_Time=0
ProcessID=21 : Parent_ProcessID=2 : Average_Running_Time=0
ProcessID=22 : Parent_ProcessID=2 : Average_Running_Time=0
ProcessID=23 : Parent_ProcessID=2 : Average_Running_Time=.07370361619718309859
ProcessID=24 : Parent_ProcessID=2 : Average_Running_Time=0
ProcessID=25 : Parent_ProcessID=2 : Average_Running_Time=0
ProcessID=26 : Parent_ProcessID=2 : Average_Running_Time=.00337550000000000000
ProcessID=27 : Parent_ProcessID=2 : Average_Running_Time=.00082800000000000000
ProcessID=28 : Parent_ProcessID=2 : Average_Running_Time=.00175750000000000000
ProcessID=29 : Parent_ProcessID=2 : Average_Running_Time=.00192500000000000000
ProcessID=30 : Parent_ProcessID=2 : Average_Running_Time=.00188550000000000000
ProcessID=3 : Parent_ProcessID=2 : Average_Running_Time=0
ProcessID=33 : Parent_ProcessID=2 : Average_Running_Time=.00625301243980738362
ProcessID=4 : Parent_ProcessID=2 : Average_Running_Time=0
ProcessID=438 : Parent_ProcessID=2 : Average_Running_Time=.00080050000000000000
ProcessID=440 : Parent_ProcessID=2 : Average_Running_Time=3.48337625000000000000
ProcessID=441 : Parent_ProcessID=2 : Average_Running_Time=.00320300000000000000
ProcessID=442 : Parent_ProcessID=2 : Average_Running_Time=.08397452272727272727
ProcessID=443 : Parent_ProcessID=2 : Average_Running_Time=.00336750000000000000
ProcessID=444 : Parent_ProcessID=2 : Average_Running_Time=.16788304166666666666
ProcessID=445 : Parent_ProcessID=2 : Average_Running_Time=.00293900000000000000
ProcessID=453 : Parent_ProcessID=2 : Average_Running_Time=.03013498741808650065
ProcessID=47 : Parent_ProcessID=2 : Average_Running_Time=0
ProcessID=510 : Parent_ProcessID=2 : Average_Running_Time=.00411250000000000000
ProcessID=520 : Parent_ProcessID=2 : Average_Running_Time=.00307100000000000000
ProcessID=557 : Parent_ProcessID=2 : Average_Running_Time=.05714874846625766871
ProcessID=558 : Parent_ProcessID=2 : Average_Running_Time=.00531750000000000000
ProcessID=6 : Parent_ProcessID=2 : Average_Running_Time=.00839300000000000000
ProcessID=727 : Parent_ProcessID=2 : Average_Running_Time=.00050838171147018332
ProcessID=728 : Parent_ProcessID=2 : Average_Running_Time=.00602400000000000000
ProcessID=729 : Parent_ProcessID=2 : Average_Running_Time=.00858050000000000000
ProcessID=7 : Parent_ProcessID=2 : Average_Running_Time=.05655682272727272727
ProcessID=755 : Parent_ProcessID=2 : Average_Running_Time=.03015516666666666666
ProcessID=756 : Parent_ProcessID=2 : Average_Running_Time=.00449950000000000000
ProcessID=763 : Parent_ProcessID=2 : Average_Running_Time=.00291750000000000000
ProcessID=767 : Parent_ProcessID=2 : Average_Running_Time=.00322300000000000000
ProcessID=768 : Parent_ProcessID=2 : Average_Running_Time=.00409950000000000000
ProcessID=771 : Parent_ProcessID=2 : Average_Running_Time=.00326650000000000000
ProcessID=772 : Parent_ProcessID=2 : Average_Running_Time=.00324750000000000000
ProcessID=773 : Parent_ProcessID=2 : Average_Running_Time=.00127050000000000000
ProcessID=774 : Parent_ProcessID=2 : Average_Running_Time=.00118950000000000000
ProcessID=775 : Parent_ProcessID=2 : Average_Running_Time=.00325200000000000000
ProcessID=776 : Parent_ProcessID=2 : Average_Running_Time=.02644833333333333333
ProcessID=814 : Parent_ProcessID=2 : Average_Running_Time=.00381150000000000000
ProcessID=816 : Parent_ProcessID=2 : Average_Running_Time=.00170150000000000000
ProcessID=817 : Parent_ProcessID=2 : Average_Running_Time=.00415650000000000000
ProcessID=8 : Parent_ProcessID=2 : Average_Running_Time=.00252350000000000000
ProcessID=9 : Parent_ProcessID=2 : Average_Running_Time=.01133577517513134851
Average_Sleeping_Children_of_ParentID=2 is .07104628320051862048
ProcessID=1524 : Parent_ProcessID=1420 : Average_Running_Time=1.44914150000000000000
Average_Sleeping_Children_of_ParentID=1420 is 1.44914150000000000000
ProcessID=10 : Parent_ProcessID=2 : Average_Running_Time=.00158151606382090050
ProcessID=11 : Parent_ProcessID=2 : Average_Running_Time=.00161600000000000000
ProcessID=12 : Parent_ProcessID=2 : Average_Running_Time=.00590945084269662921
ProcessID=13 : Parent_ProcessID=2 : Average_Running_Time=.07283392857142857142
ProcessID=140 : Parent_ProcessID=2 : Average_Running_Time=0
ProcessID=141 : Parent_ProcessID=2 : Average_Running_Time=0
ProcessID=142 : Parent_ProcessID=2 : Average_Running_Time=0
ProcessID=143 : Parent_ProcessID=2 : Average_Running_Time=0
ProcessID=144 : Parent_ProcessID=2 : Average_Running_Time=.00058950000000000000
ProcessID=1462 : Parent_ProcessID=2 : Average_Running_Time=.04887443780493471492
ProcessID=146 : Parent_ProcessID=2 : Average_Running_Time=0
ProcessID=1518 : Parent_ProcessID=2 : Average_Running_Time=.09055123312883435582
ProcessID=1523 : Parent_ProcessID=2 : Average_Running_Time=.04957155357142857142
ProcessID=15 : Parent_ProcessID=2 : Average_Running_Time=.01339826950354609929
ProcessID=16 : Parent_ProcessID=2 : Average_Running_Time=.00053800000000000000
ProcessID=17 : Parent_ProcessID=2 : Average_Running_Time=.04228389655172413793
ProcessID=18 : Parent_ProcessID=2 : Average_Running_Time=.01926908000000000000
ProcessID=19 : Parent_ProcessID=2 : Average_Running_Time=.21982066666666666666
ProcessID=20 : Parent_ProcessID=2 : Average_Running_Time=0
ProcessID=21 : Parent_ProcessID=2 : Average_Running_Time=0
ProcessID=22 : Parent_ProcessID=2 : Average_Running_Time=0
ProcessID=23 : Parent_ProcessID=2 : Average_Running_Time=.07370361619718309859
ProcessID=24 : Parent_ProcessID=2 : Average_Running_Time=0
ProcessID=25 : Parent_ProcessID=2 : Average_Running_Time=0
ProcessID=26 : Parent_ProcessID=2 : Average_Running_Time=.00337550000000000000
ProcessID=27 : Parent_ProcessID=2 : Average_Running_Time=.00082800000000000000
ProcessID=28 : Parent_ProcessID=2 : Average_Running_Time=.00175750000000000000
ProcessID=29 : Parent_ProcessID=2 : Average_Running_Time=.00192500000000000000
ProcessID=30 : Parent_ProcessID=2 : Average_Running_Time=.00188550000000000000
ProcessID=3 : Parent_ProcessID=2 : Average_Running_Time=0
ProcessID=33 : Parent_ProcessID=2 : Average_Running_Time=.00625301243980738362
ProcessID=4 : Parent_ProcessID=2 : Average_Running_Time=0
ProcessID=438 : Parent_ProcessID=2 : Average_Running_Time=.00080050000000000000
ProcessID=440 : Parent_ProcessID=2 : Average_Running_Time=3.48337625000000000000
ProcessID=441 : Parent_ProcessID=2 : Average_Running_Time=.00320300000000000000
ProcessID=442 : Parent_ProcessID=2 : Average_Running_Time=.08397452272727272727
ProcessID=443 : Parent_ProcessID=2 : Average_Running_Time=.00336750000000000000
ProcessID=444 : Parent_ProcessID=2 : Average_Running_Time=.16788304166666666666
ProcessID=445 : Parent_ProcessID=2 : Average_Running_Time=.00293900000000000000
ProcessID=453 : Parent_ProcessID=2 : Average_Running_Time=.03013498741808650065
ProcessID=47 : Parent_ProcessID=2 : Average_Running_Time=0
ProcessID=510 : Parent_ProcessID=2 : Average_Running_Time=.00411250000000000000
ProcessID=520 : Parent_ProcessID=2 : Average_Running_Time=.00307100000000000000
ProcessID=557 : Parent_ProcessID=2 : Average_Running_Time=.05714874846625766871
ProcessID=558 : Parent_ProcessID=2 : Average_Running_Time=.00531750000000000000
ProcessID=6 : Parent_ProcessID=2 : Average_Running_Time=.00839300000000000000
ProcessID=727 : Parent_ProcessID=2 : Average_Running_Time=.00050838171147018332
ProcessID=728 : Parent_ProcessID=2 : Average_Running_Time=.00602400000000000000
ProcessID=729 : Parent_ProcessID=2 : Average_Running_Time=.00858050000000000000
ProcessID=7 : Parent_ProcessID=2 : Average_Running_Time=.05655682272727272727
ProcessID=755 : Parent_ProcessID=2 : Average_Running_Time=.03015516666666666666
ProcessID=756 : Parent_ProcessID=2 : Average_Running_Time=.00449950000000000000
ProcessID=763 : Parent_ProcessID=2 : Average_Running_Time=.00291750000000000000
ProcessID=767 : Parent_ProcessID=2 : Average_Running_Time=.00322300000000000000
ProcessID=768 : Parent_ProcessID=2 : Average_Running_Time=.00409950000000000000
ProcessID=771 : Parent_ProcessID=2 : Average_Running_Time=.00326650000000000000
ProcessID=772 : Parent_ProcessID=2 : Average_Running_Time=.00324750000000000000
ProcessID=773 : Parent_ProcessID=2 : Average_Running_Time=.00127050000000000000
ProcessID=774 : Parent_ProcessID=2 : Average_Running_Time=.00118950000000000000
ProcessID=775 : Parent_ProcessID=2 : Average_Running_Time=.00325200000000000000
ProcessID=776 : Parent_ProcessID=2 : Average_Running_Time=.02644833333333333333
ProcessID=814 : Parent_ProcessID=2 : Average_Running_Time=.00381150000000000000
ProcessID=816 : Parent_ProcessID=2 : Average_Running_Time=.00170150000000000000
ProcessID=817 : Parent_ProcessID=2 : Average_Running_Time=.00415650000000000000
ProcessID=8 : Parent_ProcessID=2 : Average_Running_Time=.00252350000000000000
ProcessID=9 : Parent_ProcessID=2 : Average_Running_Time=.01133577517513134851
Average_Sleeping_Children_of_ParentID=2 is .07104628320051862048
ProcessID=1 : Parent_ProcessID=0 : Average_Running_Time=.61482839710332900994
ProcessID=2 : Parent_ProcessID=0 : Average_Running_Time=.01826891712707182320
Average_Sleeping_Children_of_ParentID=0 is .31654865711520041657
ProcessID=10 : Parent_ProcessID=2 : Average_Running_Time=.00158151606382090050
ProcessID=11 : Parent_ProcessID=2 : Average_Running_Time=.00161600000000000000
ProcessID=12 : Parent_ProcessID=2 : Average_Running_Time=.00590945084269662921
ProcessID=13 : Parent_ProcessID=2 : Average_Running_Time=.07283392857142857142
ProcessID=140 : Parent_ProcessID=2 : Average_Running_Time=0
ProcessID=141 : Parent_ProcessID=2 : Average_Running_Time=0
ProcessID=142 : Parent_ProcessID=2 : Average_Running_Time=0
ProcessID=143 : Parent_ProcessID=2 : Average_Running_Time=0
ProcessID=144 : Parent_ProcessID=2 : Average_Running_Time=.00058950000000000000
ProcessID=1462 : Parent_ProcessID=2 : Average_Running_Time=.04887443780493471492
ProcessID=146 : Parent_ProcessID=2 : Average_Running_Time=0
ProcessID=1518 : Parent_ProcessID=2 : Average_Running_Time=.09055123312883435582
ProcessID=1523 : Parent_ProcessID=2 : Average_Running_Time=.04957155357142857142
ProcessID=15 : Parent_ProcessID=2 : Average_Running_Time=.01339826950354609929
ProcessID=16 : Parent_ProcessID=2 : Average_Running_Time=.00053800000000000000
ProcessID=17 : Parent_ProcessID=2 : Average_Running_Time=.04228389655172413793
ProcessID=18 : Parent_ProcessID=2 : Average_Running_Time=.01926908000000000000
ProcessID=19 : Parent_ProcessID=2 : Average_Running_Time=.21982066666666666666
ProcessID=20 : Parent_ProcessID=2 : Average_Running_Time=0
ProcessID=21 : Parent_ProcessID=2 : Average_Running_Time=0
ProcessID=22 : Parent_ProcessID=2 : Average_Running_Time=0
ProcessID=23 : Parent_ProcessID=2 : Average_Running_Time=.07370361619718309859
ProcessID=24 : Parent_ProcessID=2 : Average_Running_Time=0
ProcessID=25 : Parent_ProcessID=2 : Average_Running_Time=0
ProcessID=26 : Parent_ProcessID=2 : Average_Running_Time=.00337550000000000000
ProcessID=27 : Parent_ProcessID=2 : Average_Running_Time=.00082800000000000000
ProcessID=28 : Parent_ProcessID=2 : Average_Running_Time=.00175750000000000000
ProcessID=29 : Parent_ProcessID=2 : Average_Running_Time=.00192500000000000000
ProcessID=30 : Parent_ProcessID=2 : Average_Running_Time=.00188550000000000000
ProcessID=3 : Parent_ProcessID=2 : Average_Running_Time=0
ProcessID=33 : Parent_ProcessID=2 : Average_Running_Time=.00625301243980738362
ProcessID=4 : Parent_ProcessID=2 : Average_Running_Time=0
ProcessID=438 : Parent_ProcessID=2 : Average_Running_Time=.00080050000000000000
ProcessID=440 : Parent_ProcessID=2 : Average_Running_Time=3.48337625000000000000
ProcessID=441 : Parent_ProcessID=2 : Average_Running_Time=.00320300000000000000
ProcessID=442 : Parent_ProcessID=2 : Average_Running_Time=.08397452272727272727
ProcessID=443 : Parent_ProcessID=2 : Average_Running_Time=.00336750000000000000
ProcessID=444 : Parent_ProcessID=2 : Average_Running_Time=.16788304166666666666
ProcessID=445 : Parent_ProcessID=2 : Average_Running_Time=.00293900000000000000
ProcessID=453 : Parent_ProcessID=2 : Average_Running_Time=.03013498741808650065
ProcessID=47 : Parent_ProcessID=2 : Average_Running_Time=0
ProcessID=510 : Parent_ProcessID=2 : Average_Running_Time=.00411250000000000000
ProcessID=520 : Parent_ProcessID=2 : Average_Running_Time=.00307100000000000000
ProcessID=557 : Parent_ProcessID=2 : Average_Running_Time=.05714874846625766871
ProcessID=558 : Parent_ProcessID=2 : Average_Running_Time=.00531750000000000000
ProcessID=6 : Parent_ProcessID=2 : Average_Running_Time=.00839300000000000000
ProcessID=727 : Parent_ProcessID=2 : Average_Running_Time=.00050838171147018332
ProcessID=728 : Parent_ProcessID=2 : Average_Running_Time=.00602400000000000000
ProcessID=729 : Parent_ProcessID=2 : Average_Running_Time=.00858050000000000000
ProcessID=7 : Parent_ProcessID=2 : Average_Running_Time=.05655682272727272727
ProcessID=755 : Parent_ProcessID=2 : Average_Running_Time=.03015516666666666666
ProcessID=756 : Parent_ProcessID=2 : Average_Running_Time=.00449950000000000000
ProcessID=763 : Parent_ProcessID=2 : Average_Running_Time=.00291750000000000000
ProcessID=767 : Parent_ProcessID=2 : Average_Running_Time=.00322300000000000000
ProcessID=768 : Parent_ProcessID=2 : Average_Running_Time=.00409950000000000000
ProcessID=771 : Parent_ProcessID=2 : Average_Running_Time=.00326650000000000000
ProcessID=772 : Parent_ProcessID=2 : Average_Running_Time=.00324750000000000000
ProcessID=773 : Parent_ProcessID=2 : Average_Running_Time=.00127050000000000000
ProcessID=774 : Parent_ProcessID=2 : Average_Running_Time=.00118950000000000000
ProcessID=775 : Parent_ProcessID=2 : Average_Running_Time=.00325200000000000000
ProcessID=776 : Parent_ProcessID=2 : Average_Running_Time=.02644833333333333333
ProcessID=814 : Parent_ProcessID=2 : Average_Running_Time=.00381150000000000000
ProcessID=816 : Parent_ProcessID=2 : Average_Running_Time=.00170150000000000000
ProcessID=817 : Parent_ProcessID=2 : Average_Running_Time=.00415650000000000000
ProcessID=8 : Parent_ProcessID=2 : Average_Running_Time=.00252350000000000000
ProcessID=9 : Parent_ProcessID=2 : Average_Running_Time=.01133577517513134851
Average_Sleeping_Children_of_ParentID=2 is .07104628320051862048
ProcessID=1112 : Parent_ProcessID=1 : Average_Running_Time=3.02516385057471264367
ProcessID=1115 : Parent_ProcessID=1 : Average_Running_Time=.80076100000000000000
ProcessID=1116 : Parent_ProcessID=1 : Average_Running_Time=.60560099130434782608
ProcessID=1408 : Parent_ProcessID=1 : Average_Running_Time=2.28027213559322033898
ProcessID=649 : Parent_ProcessID=1 : Average_Running_Time=1.13048519931662870159
ProcessID=675 : Parent_ProcessID=1 : Average_Running_Time=1.03855768132942326490
ProcessID=798 : Parent_ProcessID=1 : Average_Running_Time=.27791363333333333333
ProcessID=800 : Parent_ProcessID=1 : Average_Running_Time=.07619997413793103448
ProcessID=828 : Parent_ProcessID=1 : Average_Running_Time=.46318902150537634408
ProcessID=830 : Parent_ProcessID=1 : Average_Running_Time=.16224612500000000000
ProcessID=831 : Parent_ProcessID=1 : Average_Running_Time=.35207878594249201277
ProcessID=835 : Parent_ProcessID=1 : Average_Running_Time=.55057794366197183098
ProcessID=838 : Parent_ProcessID=1 : Average_Running_Time=.25304926366120218579
ProcessID=839 : Parent_ProcessID=1 : Average_Running_Time=.20374119540229885057
ProcessID=840 : Parent_ProcessID=1 : Average_Running_Time=.26979017391304347826
ProcessID=841 : Parent_ProcessID=1 : Average_Running_Time=.08275742718446601941
ProcessID=848 : Parent_ProcessID=1 : Average_Running_Time=.23612082962962962962
ProcessID=849 : Parent_ProcessID=1 : Average_Running_Time=.12801297676214998390
ProcessID=866 : Parent_ProcessID=1 : Average_Running_Time=.85824135463121783876
ProcessID=869 : Parent_ProcessID=1 : Average_Running_Time=1.07034943928194297782
ProcessID=882 : Parent_ProcessID=1 : Average_Running_Time=.49075819650655021834
ProcessID=891 : Parent_ProcessID=1 : Average_Running_Time=.74197097262059973924
ProcessID=896 : Parent_ProcessID=1 : Average_Running_Time=.38365568604651162790
Average_Sleeping_Children_of_ParentID=1 is .67310842857995869045
ProcessID=10 : Parent_ProcessID=2 : Average_Running_Time=.00158151606382090050
ProcessID=11 : Parent_ProcessID=2 : Average_Running_Time=.00161600000000000000
ProcessID=12 : Parent_ProcessID=2 : Average_Running_Time=.00590945084269662921
ProcessID=13 : Parent_ProcessID=2 : Average_Running_Time=.07283392857142857142
ProcessID=140 : Parent_ProcessID=2 : Average_Running_Time=0
ProcessID=141 : Parent_ProcessID=2 : Average_Running_Time=0
ProcessID=142 : Parent_ProcessID=2 : Average_Running_Time=0
ProcessID=143 : Parent_ProcessID=2 : Average_Running_Time=0
ProcessID=144 : Parent_ProcessID=2 : Average_Running_Time=.00058950000000000000
ProcessID=1462 : Parent_ProcessID=2 : Average_Running_Time=.04887443780493471492
ProcessID=146 : Parent_ProcessID=2 : Average_Running_Time=0
ProcessID=1518 : Parent_ProcessID=2 : Average_Running_Time=.09055123312883435582
ProcessID=1523 : Parent_ProcessID=2 : Average_Running_Time=.04957155357142857142
ProcessID=15 : Parent_ProcessID=2 : Average_Running_Time=.01339826950354609929
ProcessID=16 : Parent_ProcessID=2 : Average_Running_Time=.00053800000000000000
ProcessID=17 : Parent_ProcessID=2 : Average_Running_Time=.04228389655172413793
ProcessID=18 : Parent_ProcessID=2 : Average_Running_Time=.01926908000000000000
ProcessID=19 : Parent_ProcessID=2 : Average_Running_Time=.21982066666666666666
ProcessID=20 : Parent_ProcessID=2 : Average_Running_Time=0
ProcessID=21 : Parent_ProcessID=2 : Average_Running_Time=0
ProcessID=22 : Parent_ProcessID=2 : Average_Running_Time=0
ProcessID=23 : Parent_ProcessID=2 : Average_Running_Time=.07370361619718309859
ProcessID=24 : Parent_ProcessID=2 : Average_Running_Time=0
ProcessID=25 : Parent_ProcessID=2 : Average_Running_Time=0
ProcessID=26 : Parent_ProcessID=2 : Average_Running_Time=.00337550000000000000
ProcessID=27 : Parent_ProcessID=2 : Average_Running_Time=.00082800000000000000
ProcessID=28 : Parent_ProcessID=2 : Average_Running_Time=.00175750000000000000
ProcessID=29 : Parent_ProcessID=2 : Average_Running_Time=.00192500000000000000
ProcessID=30 : Parent_ProcessID=2 : Average_Running_Time=.00188550000000000000
ProcessID=3 : Parent_ProcessID=2 : Average_Running_Time=0
ProcessID=33 : Parent_ProcessID=2 : Average_Running_Time=.00625301243980738362
ProcessID=4 : Parent_ProcessID=2 : Average_Running_Time=0
ProcessID=438 : Parent_ProcessID=2 : Average_Running_Time=.00080050000000000000
ProcessID=440 : Parent_ProcessID=2 : Average_Running_Time=3.48337625000000000000
ProcessID=441 : Parent_ProcessID=2 : Average_Running_Time=.00320300000000000000
ProcessID=442 : Parent_ProcessID=2 : Average_Running_Time=.08397452272727272727
ProcessID=443 : Parent_ProcessID=2 : Average_Running_Time=.00336750000000000000
ProcessID=444 : Parent_ProcessID=2 : Average_Running_Time=.16788304166666666666
ProcessID=445 : Parent_ProcessID=2 : Average_Running_Time=.00293900000000000000
ProcessID=453 : Parent_ProcessID=2 : Average_Running_Time=.03013498741808650065
ProcessID=47 : Parent_ProcessID=2 : Average_Running_Time=0
ProcessID=510 : Parent_ProcessID=2 : Average_Running_Time=.00411250000000000000
ProcessID=520 : Parent_ProcessID=2 : Average_Running_Time=.00307100000000000000
ProcessID=557 : Parent_ProcessID=2 : Average_Running_Time=.05714874846625766871
ProcessID=558 : Parent_ProcessID=2 : Average_Running_Time=.00531750000000000000
ProcessID=6 : Parent_ProcessID=2 : Average_Running_Time=.00839300000000000000
ProcessID=727 : Parent_ProcessID=2 : Average_Running_Time=.00050838171147018332
ProcessID=728 : Parent_ProcessID=2 : Average_Running_Time=.00602400000000000000
ProcessID=729 : Parent_ProcessID=2 : Average_Running_Time=.00858050000000000000
ProcessID=7 : Parent_ProcessID=2 : Average_Running_Time=.05655682272727272727
ProcessID=755 : Parent_ProcessID=2 : Average_Running_Time=.03015516666666666666
ProcessID=756 : Parent_ProcessID=2 : Average_Running_Time=.00449950000000000000
ProcessID=763 : Parent_ProcessID=2 : Average_Running_Time=.00291750000000000000
ProcessID=767 : Parent_ProcessID=2 : Average_Running_Time=.00322300000000000000
ProcessID=768 : Parent_ProcessID=2 : Average_Running_Time=.00409950000000000000
ProcessID=771 : Parent_ProcessID=2 : Average_Running_Time=.00326650000000000000
ProcessID=772 : Parent_ProcessID=2 : Average_Running_Time=.00324750000000000000
ProcessID=773 : Parent_ProcessID=2 : Average_Running_Time=.00127050000000000000
ProcessID=774 : Parent_ProcessID=2 : Average_Running_Time=.00118950000000000000
ProcessID=775 : Parent_ProcessID=2 : Average_Running_Time=.00325200000000000000
ProcessID=776 : Parent_ProcessID=2 : Average_Running_Time=.02644833333333333333
ProcessID=814 : Parent_ProcessID=2 : Average_Running_Time=.00381150000000000000
ProcessID=816 : Parent_ProcessID=2 : Average_Running_Time=.00170150000000000000
ProcessID=817 : Parent_ProcessID=2 : Average_Running_Time=.00415650000000000000
ProcessID=8 : Parent_ProcessID=2 : Average_Running_Time=.00252350000000000000
ProcessID=9 : Parent_ProcessID=2 : Average_Running_Time=.01133577517513134851
Average_Sleeping_Children_of_ParentID=2 is .07104628320051862048
ProcessID=1112 : Parent_ProcessID=1 : Average_Running_Time=3.02516385057471264367
ProcessID=1115 : Parent_ProcessID=1 : Average_Running_Time=.80076100000000000000
ProcessID=1116 : Parent_ProcessID=1 : Average_Running_Time=.60560099130434782608
ProcessID=1408 : Parent_ProcessID=1 : Average_Running_Time=2.28027213559322033898
ProcessID=649 : Parent_ProcessID=1 : Average_Running_Time=1.13048519931662870159
ProcessID=675 : Parent_ProcessID=1 : Average_Running_Time=1.03855768132942326490
ProcessID=798 : Parent_ProcessID=1 : Average_Running_Time=.27791363333333333333
ProcessID=800 : Parent_ProcessID=1 : Average_Running_Time=.07619997413793103448
ProcessID=828 : Parent_ProcessID=1 : Average_Running_Time=.46318902150537634408
ProcessID=830 : Parent_ProcessID=1 : Average_Running_Time=.16224612500000000000
ProcessID=831 : Parent_ProcessID=1 : Average_Running_Time=.35207878594249201277
ProcessID=835 : Parent_ProcessID=1 : Average_Running_Time=.55057794366197183098
ProcessID=838 : Parent_ProcessID=1 : Average_Running_Time=.25304926366120218579
ProcessID=839 : Parent_ProcessID=1 : Average_Running_Time=.20374119540229885057
ProcessID=840 : Parent_ProcessID=1 : Average_Running_Time=.26979017391304347826
ProcessID=841 : Parent_ProcessID=1 : Average_Running_Time=.08275742718446601941
ProcessID=848 : Parent_ProcessID=1 : Average_Running_Time=.23612082962962962962
ProcessID=849 : Parent_ProcessID=1 : Average_Running_Time=.12801297676214998390
ProcessID=866 : Parent_ProcessID=1 : Average_Running_Time=.85824135463121783876
ProcessID=869 : Parent_ProcessID=1 : Average_Running_Time=1.07034943928194297782
ProcessID=882 : Parent_ProcessID=1 : Average_Running_Time=.49075819650655021834
ProcessID=891 : Parent_ProcessID=1 : Average_Running_Time=.74197097262059973924
ProcessID=896 : Parent_ProcessID=1 : Average_Running_Time=.38365568604651162790
Average_Sleeping_Children_of_ParentID=1 is .67310842857995869045
ProcessID=10 : Parent_ProcessID=2 : Average_Running_Time=.00158151606382090050
ProcessID=11 : Parent_ProcessID=2 : Average_Running_Time=.00161600000000000000
ProcessID=12 : Parent_ProcessID=2 : Average_Running_Time=.00590945084269662921
ProcessID=13 : Parent_ProcessID=2 : Average_Running_Time=.07283392857142857142
ProcessID=140 : Parent_ProcessID=2 : Average_Running_Time=0
ProcessID=141 : Parent_ProcessID=2 : Average_Running_Time=0
ProcessID=142 : Parent_ProcessID=2 : Average_Running_Time=0
ProcessID=143 : Parent_ProcessID=2 : Average_Running_Time=0
ProcessID=144 : Parent_ProcessID=2 : Average_Running_Time=.00058950000000000000
ProcessID=1462 : Parent_ProcessID=2 : Average_Running_Time=.04887443780493471492
ProcessID=146 : Parent_ProcessID=2 : Average_Running_Time=0
ProcessID=1518 : Parent_ProcessID=2 : Average_Running_Time=.09055123312883435582
ProcessID=1523 : Parent_ProcessID=2 : Average_Running_Time=.04957155357142857142
ProcessID=15 : Parent_ProcessID=2 : Average_Running_Time=.01339826950354609929
ProcessID=16 : Parent_ProcessID=2 : Average_Running_Time=.00053800000000000000
ProcessID=17 : Parent_ProcessID=2 : Average_Running_Time=.04228389655172413793
ProcessID=18 : Parent_ProcessID=2 : Average_Running_Time=.01926908000000000000
ProcessID=19 : Parent_ProcessID=2 : Average_Running_Time=.21982066666666666666
ProcessID=20 : Parent_ProcessID=2 : Average_Running_Time=0
ProcessID=21 : Parent_ProcessID=2 : Average_Running_Time=0
ProcessID=22 : Parent_ProcessID=2 : Average_Running_Time=0
ProcessID=23 : Parent_ProcessID=2 : Average_Running_Time=.07370361619718309859
ProcessID=24 : Parent_ProcessID=2 : Average_Running_Time=0
ProcessID=25 : Parent_ProcessID=2 : Average_Running_Time=0
ProcessID=26 : Parent_ProcessID=2 : Average_Running_Time=.00337550000000000000
ProcessID=27 : Parent_ProcessID=2 : Average_Running_Time=.00082800000000000000
ProcessID=28 : Parent_ProcessID=2 : Average_Running_Time=.00175750000000000000
ProcessID=29 : Parent_ProcessID=2 : Average_Running_Time=.00192500000000000000
ProcessID=30 : Parent_ProcessID=2 : Average_Running_Time=.00188550000000000000
ProcessID=3 : Parent_ProcessID=2 : Average_Running_Time=0
ProcessID=33 : Parent_ProcessID=2 : Average_Running_Time=.00625301243980738362
ProcessID=4 : Parent_ProcessID=2 : Average_Running_Time=0
ProcessID=438 : Parent_ProcessID=2 : Average_Running_Time=.00080050000000000000
ProcessID=440 : Parent_ProcessID=2 : Average_Running_Time=3.48337625000000000000
ProcessID=441 : Parent_ProcessID=2 : Average_Running_Time=.00320300000000000000
ProcessID=442 : Parent_ProcessID=2 : Average_Running_Time=.08397452272727272727
ProcessID=443 : Parent_ProcessID=2 : Average_Running_Time=.00336750000000000000
ProcessID=444 : Parent_ProcessID=2 : Average_Running_Time=.16788304166666666666
ProcessID=445 : Parent_ProcessID=2 : Average_Running_Time=.00293900000000000000
ProcessID=453 : Parent_ProcessID=2 : Average_Running_Time=.03013498741808650065
ProcessID=47 : Parent_ProcessID=2 : Average_Running_Time=0
ProcessID=510 : Parent_ProcessID=2 : Average_Running_Time=.00411250000000000000
ProcessID=520 : Parent_ProcessID=2 : Average_Running_Time=.00307100000000000000
ProcessID=557 : Parent_ProcessID=2 : Average_Running_Time=.05714874846625766871
ProcessID=558 : Parent_ProcessID=2 : Average_Running_Time=.00531750000000000000
ProcessID=6 : Parent_ProcessID=2 : Average_Running_Time=.00839300000000000000
ProcessID=727 : Parent_ProcessID=2 : Average_Running_Time=.00050838171147018332
ProcessID=728 : Parent_ProcessID=2 : Average_Running_Time=.00602400000000000000
ProcessID=729 : Parent_ProcessID=2 : Average_Running_Time=.00858050000000000000
ProcessID=7 : Parent_ProcessID=2 : Average_Running_Time=.05655682272727272727
ProcessID=755 : Parent_ProcessID=2 : Average_Running_Time=.03015516666666666666
ProcessID=756 : Parent_ProcessID=2 : Average_Running_Time=.00449950000000000000
ProcessID=763 : Parent_ProcessID=2 : Average_Running_Time=.00291750000000000000
ProcessID=767 : Parent_ProcessID=2 : Average_Running_Time=.00322300000000000000
ProcessID=768 : Parent_ProcessID=2 : Average_Running_Time=.00409950000000000000
ProcessID=771 : Parent_ProcessID=2 : Average_Running_Time=.00326650000000000000
ProcessID=772 : Parent_ProcessID=2 : Average_Running_Time=.00324750000000000000
ProcessID=773 : Parent_ProcessID=2 : Average_Running_Time=.00127050000000000000
ProcessID=774 : Parent_ProcessID=2 : Average_Running_Time=.00118950000000000000
ProcessID=775 : Parent_ProcessID=2 : Average_Running_Time=.00325200000000000000
ProcessID=776 : Parent_ProcessID=2 : Average_Running_Time=.02644833333333333333
ProcessID=814 : Parent_ProcessID=2 : Average_Running_Time=.00381150000000000000
ProcessID=816 : Parent_ProcessID=2 : Average_Running_Time=.00170150000000000000
ProcessID=817 : Parent_ProcessID=2 : Average_Running_Time=.00415650000000000000
ProcessID=8 : Parent_ProcessID=2 : Average_Running_Time=.00252350000000000000
ProcessID=9 : Parent_ProcessID=2 : Average_Running_Time=.01133577517513134851
Average_Sleeping_Children_of_ParentID=2 is .07104628320051862048
ProcessID=1112 : Parent_ProcessID=1 : Average_Running_Time=3.02516385057471264367
ProcessID=1115 : Parent_ProcessID=1 : Average_Running_Time=.80076100000000000000
ProcessID=1116 : Parent_ProcessID=1 : Average_Running_Time=.60560099130434782608
ProcessID=1408 : Parent_ProcessID=1 : Average_Running_Time=2.28027213559322033898
ProcessID=649 : Parent_ProcessID=1 : Average_Running_Time=1.13048519931662870159
ProcessID=675 : Parent_ProcessID=1 : Average_Running_Time=1.03855768132942326490
ProcessID=798 : Parent_ProcessID=1 : Average_Running_Time=.27791363333333333333
ProcessID=800 : Parent_ProcessID=1 : Average_Running_Time=.07619997413793103448
ProcessID=828 : Parent_ProcessID=1 : Average_Running_Time=.46318902150537634408
ProcessID=830 : Parent_ProcessID=1 : Average_Running_Time=.16224612500000000000
ProcessID=831 : Parent_ProcessID=1 : Average_Running_Time=.35207878594249201277
ProcessID=835 : Parent_ProcessID=1 : Average_Running_Time=.55057794366197183098
ProcessID=838 : Parent_ProcessID=1 : Average_Running_Time=.25304926366120218579
ProcessID=839 : Parent_ProcessID=1 : Average_Running_Time=.20374119540229885057
ProcessID=840 : Parent_ProcessID=1 : Average_Running_Time=.26979017391304347826
ProcessID=841 : Parent_ProcessID=1 : Average_Running_Time=.08275742718446601941
ProcessID=848 : Parent_ProcessID=1 : Average_Running_Time=.23612082962962962962
ProcessID=849 : Parent_ProcessID=1 : Average_Running_Time=.12801297676214998390
ProcessID=866 : Parent_ProcessID=1 : Average_Running_Time=.85824135463121783876
ProcessID=869 : Parent_ProcessID=1 : Average_Running_Time=1.07034943928194297782
ProcessID=882 : Parent_ProcessID=1 : Average_Running_Time=.49075819650655021834
ProcessID=891 : Parent_ProcessID=1 : Average_Running_Time=.74197097262059973924
ProcessID=896 : Parent_ProcessID=1 : Average_Running_Time=.38365568604651162790
Average_Sleeping_Children_of_ParentID=1 is .67310842857995869045
ProcessID=10 : Parent_ProcessID=2 : Average_Running_Time=.00158151606382090050
ProcessID=11 : Parent_ProcessID=2 : Average_Running_Time=.00161600000000000000
ProcessID=12 : Parent_ProcessID=2 : Average_Running_Time=.00590945084269662921
ProcessID=13 : Parent_ProcessID=2 : Average_Running_Time=.07283392857142857142
ProcessID=140 : Parent_ProcessID=2 : Average_Running_Time=0
ProcessID=141 : Parent_ProcessID=2 : Average_Running_Time=0
ProcessID=142 : Parent_ProcessID=2 : Average_Running_Time=0
ProcessID=143 : Parent_ProcessID=2 : Average_Running_Time=0
ProcessID=144 : Parent_ProcessID=2 : Average_Running_Time=.00058950000000000000
ProcessID=1462 : Parent_ProcessID=2 : Average_Running_Time=.04887443780493471492
ProcessID=146 : Parent_ProcessID=2 : Average_Running_Time=0
ProcessID=1518 : Parent_ProcessID=2 : Average_Running_Time=.09055123312883435582
ProcessID=1523 : Parent_ProcessID=2 : Average_Running_Time=.04957155357142857142
ProcessID=15 : Parent_ProcessID=2 : Average_Running_Time=.01339826950354609929
ProcessID=16 : Parent_ProcessID=2 : Average_Running_Time=.00053800000000000000
ProcessID=17 : Parent_ProcessID=2 : Average_Running_Time=.04228389655172413793
ProcessID=18 : Parent_ProcessID=2 : Average_Running_Time=.01926908000000000000
ProcessID=19 : Parent_ProcessID=2 : Average_Running_Time=.21982066666666666666
ProcessID=20 : Parent_ProcessID=2 : Average_Running_Time=0
ProcessID=21 : Parent_ProcessID=2 : Average_Running_Time=0
ProcessID=22 : Parent_ProcessID=2 : Average_Running_Time=0
ProcessID=23 : Parent_ProcessID=2 : Average_Running_Time=.07370361619718309859
ProcessID=24 : Parent_ProcessID=2 : Average_Running_Time=0
ProcessID=25 : Parent_ProcessID=2 : Average_Running_Time=0
ProcessID=26 : Parent_ProcessID=2 : Average_Running_Time=.00337550000000000000
ProcessID=27 : Parent_ProcessID=2 : Average_Running_Time=.00082800000000000000
ProcessID=28 : Parent_ProcessID=2 : Average_Running_Time=.00175750000000000000
ProcessID=29 : Parent_ProcessID=2 : Average_Running_Time=.00192500000000000000
ProcessID=30 : Parent_ProcessID=2 : Average_Running_Time=.00188550000000000000
ProcessID=3 : Parent_ProcessID=2 : Average_Running_Time=0
ProcessID=33 : Parent_ProcessID=2 : Average_Running_Time=.00625301243980738362
ProcessID=4 : Parent_ProcessID=2 : Average_Running_Time=0
ProcessID=438 : Parent_ProcessID=2 : Average_Running_Time=.00080050000000000000
ProcessID=440 : Parent_ProcessID=2 : Average_Running_Time=3.48337625000000000000
ProcessID=441 : Parent_ProcessID=2 : Average_Running_Time=.00320300000000000000
ProcessID=442 : Parent_ProcessID=2 : Average_Running_Time=.08397452272727272727
ProcessID=443 : Parent_ProcessID=2 : Average_Running_Time=.00336750000000000000
ProcessID=444 : Parent_ProcessID=2 : Average_Running_Time=.16788304166666666666
ProcessID=445 : Parent_ProcessID=2 : Average_Running_Time=.00293900000000000000
ProcessID=453 : Parent_ProcessID=2 : Average_Running_Time=.03013498741808650065
ProcessID=47 : Parent_ProcessID=2 : Average_Running_Time=0
ProcessID=510 : Parent_ProcessID=2 : Average_Running_Time=.00411250000000000000
ProcessID=520 : Parent_ProcessID=2 : Average_Running_Time=.00307100000000000000
ProcessID=557 : Parent_ProcessID=2 : Average_Running_Time=.05714874846625766871
ProcessID=558 : Parent_ProcessID=2 : Average_Running_Time=.00531750000000000000
ProcessID=6 : Parent_ProcessID=2 : Average_Running_Time=.00839300000000000000
ProcessID=727 : Parent_ProcessID=2 : Average_Running_Time=.00050838171147018332
ProcessID=728 : Parent_ProcessID=2 : Average_Running_Time=.00602400000000000000
ProcessID=729 : Parent_ProcessID=2 : Average_Running_Time=.00858050000000000000
ProcessID=7 : Parent_ProcessID=2 : Average_Running_Time=.05655682272727272727
ProcessID=755 : Parent_ProcessID=2 : Average_Running_Time=.03015516666666666666
ProcessID=756 : Parent_ProcessID=2 : Average_Running_Time=.00449950000000000000
ProcessID=763 : Parent_ProcessID=2 : Average_Running_Time=.00291750000000000000
ProcessID=767 : Parent_ProcessID=2 : Average_Running_Time=.00322300000000000000
ProcessID=768 : Parent_ProcessID=2 : Average_Running_Time=.00409950000000000000
ProcessID=771 : Parent_ProcessID=2 : Average_Running_Time=.00326650000000000000
ProcessID=772 : Parent_ProcessID=2 : Average_Running_Time=.00324750000000000000
ProcessID=773 : Parent_ProcessID=2 : Average_Running_Time=.00127050000000000000
ProcessID=774 : Parent_ProcessID=2 : Average_Running_Time=.00118950000000000000
ProcessID=775 : Parent_ProcessID=2 : Average_Running_Time=.00325200000000000000
ProcessID=776 : Parent_ProcessID=2 : Average_Running_Time=.02644833333333333333
ProcessID=814 : Parent_ProcessID=2 : Average_Running_Time=.00381150000000000000
ProcessID=816 : Parent_ProcessID=2 : Average_Running_Time=.00170150000000000000
ProcessID=817 : Parent_ProcessID=2 : Average_Running_Time=.00415650000000000000
ProcessID=8 : Parent_ProcessID=2 : Average_Running_Time=.00252350000000000000
ProcessID=9 : Parent_ProcessID=2 : Average_Running_Time=.01133577517513134851
Average_Sleeping_Children_of_ParentID=2 is .07104628320051862048
ProcessID=1112 : Parent_ProcessID=1 : Average_Running_Time=3.02516385057471264367
ProcessID=1115 : Parent_ProcessID=1 : Average_Running_Time=.80076100000000000000
ProcessID=1116 : Parent_ProcessID=1 : Average_Running_Time=.60560099130434782608
ProcessID=1408 : Parent_ProcessID=1 : Average_Running_Time=2.28027213559322033898
ProcessID=649 : Parent_ProcessID=1 : Average_Running_Time=1.13048519931662870159
ProcessID=675 : Parent_ProcessID=1 : Average_Running_Time=1.03855768132942326490
ProcessID=798 : Parent_ProcessID=1 : Average_Running_Time=.27791363333333333333
ProcessID=800 : Parent_ProcessID=1 : Average_Running_Time=.07619997413793103448
ProcessID=828 : Parent_ProcessID=1 : Average_Running_Time=.46318902150537634408
ProcessID=830 : Parent_ProcessID=1 : Average_Running_Time=.16224612500000000000
ProcessID=831 : Parent_ProcessID=1 : Average_Running_Time=.35207878594249201277
ProcessID=835 : Parent_ProcessID=1 : Average_Running_Time=.55057794366197183098
ProcessID=838 : Parent_ProcessID=1 : Average_Running_Time=.25304926366120218579
ProcessID=839 : Parent_ProcessID=1 : Average_Running_Time=.20374119540229885057
ProcessID=840 : Parent_ProcessID=1 : Average_Running_Time=.26979017391304347826
ProcessID=841 : Parent_ProcessID=1 : Average_Running_Time=.08275742718446601941
ProcessID=848 : Parent_ProcessID=1 : Average_Running_Time=.23612082962962962962
ProcessID=849 : Parent_ProcessID=1 : Average_Running_Time=.12801297676214998390
ProcessID=866 : Parent_ProcessID=1 : Average_Running_Time=.85824135463121783876
ProcessID=869 : Parent_ProcessID=1 : Average_Running_Time=1.07034943928194297782
ProcessID=882 : Parent_ProcessID=1 : Average_Running_Time=.49075819650655021834
ProcessID=891 : Parent_ProcessID=1 : Average_Running_Time=.74197097262059973924
ProcessID=896 : Parent_ProcessID=1 : Average_Running_Time=.38365568604651162790
Average_Sleeping_Children_of_ParentID=1 is .67310842857995869045
ProcessID=853 : Parent_ProcessID=848 : Average_Running_Time=.06113225000000000000
Average_Sleeping_Children_of_ParentID=848 is .06113225000000000000
ProcessID=863 : Parent_ProcessID=839 : Average_Running_Time=.27741978158458244111
ProcessID=867 : Parent_ProcessID=839 : Average_Running_Time=.18322213146997929606
Average_Sleeping_Children_of_ParentID=839 is .23032095652728086858
ProcessID=1112 : Parent_ProcessID=1 : Average_Running_Time=3.02516385057471264367
ProcessID=1115 : Parent_ProcessID=1 : Average_Running_Time=.80076100000000000000
ProcessID=1116 : Parent_ProcessID=1 : Average_Running_Time=.60560099130434782608
ProcessID=1408 : Parent_ProcessID=1 : Average_Running_Time=2.28027213559322033898
ProcessID=649 : Parent_ProcessID=1 : Average_Running_Time=1.13048519931662870159
ProcessID=675 : Parent_ProcessID=1 : Average_Running_Time=1.03855768132942326490
ProcessID=798 : Parent_ProcessID=1 : Average_Running_Time=.27791363333333333333
ProcessID=800 : Parent_ProcessID=1 : Average_Running_Time=.07619997413793103448
ProcessID=828 : Parent_ProcessID=1 : Average_Running_Time=.46318902150537634408
ProcessID=830 : Parent_ProcessID=1 : Average_Running_Time=.16224612500000000000
ProcessID=831 : Parent_ProcessID=1 : Average_Running_Time=.35207878594249201277
ProcessID=835 : Parent_ProcessID=1 : Average_Running_Time=.55057794366197183098
ProcessID=838 : Parent_ProcessID=1 : Average_Running_Time=.25304926366120218579
ProcessID=839 : Parent_ProcessID=1 : Average_Running_Time=.20374119540229885057
ProcessID=840 : Parent_ProcessID=1 : Average_Running_Time=.26979017391304347826
ProcessID=841 : Parent_ProcessID=1 : Average_Running_Time=.08275742718446601941
ProcessID=848 : Parent_ProcessID=1 : Average_Running_Time=.23612082962962962962
ProcessID=849 : Parent_ProcessID=1 : Average_Running_Time=.12801297676214998390
ProcessID=866 : Parent_ProcessID=1 : Average_Running_Time=.85824135463121783876
ProcessID=869 : Parent_ProcessID=1 : Average_Running_Time=1.07034943928194297782
ProcessID=882 : Parent_ProcessID=1 : Average_Running_Time=.49075819650655021834
ProcessID=891 : Parent_ProcessID=1 : Average_Running_Time=.74197097262059973924
ProcessID=896 : Parent_ProcessID=1 : Average_Running_Time=.38365568604651162790
Average_Sleeping_Children_of_ParentID=1 is .67310842857995869045
ProcessID=863 : Parent_ProcessID=839 : Average_Running_Time=.27741978158458244111
ProcessID=867 : Parent_ProcessID=839 : Average_Running_Time=.18322213146997929606
Average_Sleeping_Children_of_ParentID=839 is .23032095652728086858
ProcessID=1112 : Parent_ProcessID=1 : Average_Running_Time=3.02516385057471264367
ProcessID=1115 : Parent_ProcessID=1 : Average_Running_Time=.80076100000000000000
ProcessID=1116 : Parent_ProcessID=1 : Average_Running_Time=.60560099130434782608
ProcessID=1408 : Parent_ProcessID=1 : Average_Running_Time=2.28027213559322033898
ProcessID=649 : Parent_ProcessID=1 : Average_Running_Time=1.13048519931662870159
ProcessID=675 : Parent_ProcessID=1 : Average_Running_Time=1.03855768132942326490
ProcessID=798 : Parent_ProcessID=1 : Average_Running_Time=.27791363333333333333
ProcessID=800 : Parent_ProcessID=1 : Average_Running_Time=.07619997413793103448
ProcessID=828 : Parent_ProcessID=1 : Average_Running_Time=.46318902150537634408
ProcessID=830 : Parent_ProcessID=1 : Average_Running_Time=.16224612500000000000
ProcessID=831 : Parent_ProcessID=1 : Average_Running_Time=.35207878594249201277
ProcessID=835 : Parent_ProcessID=1 : Average_Running_Time=.55057794366197183098
ProcessID=838 : Parent_ProcessID=1 : Average_Running_Time=.25304926366120218579
ProcessID=839 : Parent_ProcessID=1 : Average_Running_Time=.20374119540229885057
ProcessID=840 : Parent_ProcessID=1 : Average_Running_Time=.26979017391304347826
ProcessID=841 : Parent_ProcessID=1 : Average_Running_Time=.08275742718446601941
ProcessID=848 : Parent_ProcessID=1 : Average_Running_Time=.23612082962962962962
ProcessID=849 : Parent_ProcessID=1 : Average_Running_Time=.12801297676214998390
ProcessID=866 : Parent_ProcessID=1 : Average_Running_Time=.85824135463121783876
ProcessID=869 : Parent_ProcessID=1 : Average_Running_Time=1.07034943928194297782
ProcessID=882 : Parent_ProcessID=1 : Average_Running_Time=.49075819650655021834
ProcessID=891 : Parent_ProcessID=1 : Average_Running_Time=.74197097262059973924
ProcessID=896 : Parent_ProcessID=1 : Average_Running_Time=.38365568604651162790
Average_Sleeping_Children_of_ParentID=1 is .67310842857995869045
ProcessID=10 : Parent_ProcessID=2 : Average_Running_Time=.00158151606382090050
ProcessID=11 : Parent_ProcessID=2 : Average_Running_Time=.00161600000000000000
ProcessID=12 : Parent_ProcessID=2 : Average_Running_Time=.00590945084269662921
ProcessID=13 : Parent_ProcessID=2 : Average_Running_Time=.07283392857142857142
ProcessID=140 : Parent_ProcessID=2 : Average_Running_Time=0
ProcessID=141 : Parent_ProcessID=2 : Average_Running_Time=0
ProcessID=142 : Parent_ProcessID=2 : Average_Running_Time=0
ProcessID=143 : Parent_ProcessID=2 : Average_Running_Time=0
ProcessID=144 : Parent_ProcessID=2 : Average_Running_Time=.00058950000000000000
ProcessID=1462 : Parent_ProcessID=2 : Average_Running_Time=.04887443780493471492
ProcessID=146 : Parent_ProcessID=2 : Average_Running_Time=0
ProcessID=1518 : Parent_ProcessID=2 : Average_Running_Time=.09055123312883435582
ProcessID=1523 : Parent_ProcessID=2 : Average_Running_Time=.04957155357142857142
ProcessID=15 : Parent_ProcessID=2 : Average_Running_Time=.01339826950354609929
ProcessID=16 : Parent_ProcessID=2 : Average_Running_Time=.00053800000000000000
ProcessID=17 : Parent_ProcessID=2 : Average_Running_Time=.04228389655172413793
ProcessID=18 : Parent_ProcessID=2 : Average_Running_Time=.01926908000000000000
ProcessID=19 : Parent_ProcessID=2 : Average_Running_Time=.21982066666666666666
ProcessID=20 : Parent_ProcessID=2 : Average_Running_Time=0
ProcessID=21 : Parent_ProcessID=2 : Average_Running_Time=0
ProcessID=22 : Parent_ProcessID=2 : Average_Running_Time=0
ProcessID=23 : Parent_ProcessID=2 : Average_Running_Time=.07370361619718309859
ProcessID=24 : Parent_ProcessID=2 : Average_Running_Time=0
ProcessID=25 : Parent_ProcessID=2 : Average_Running_Time=0
ProcessID=26 : Parent_ProcessID=2 : Average_Running_Time=.00337550000000000000
ProcessID=27 : Parent_ProcessID=2 : Average_Running_Time=.00082800000000000000
ProcessID=28 : Parent_ProcessID=2 : Average_Running_Time=.00175750000000000000
ProcessID=29 : Parent_ProcessID=2 : Average_Running_Time=.00192500000000000000
ProcessID=30 : Parent_ProcessID=2 : Average_Running_Time=.00188550000000000000
ProcessID=3 : Parent_ProcessID=2 : Average_Running_Time=0
ProcessID=33 : Parent_ProcessID=2 : Average_Running_Time=.00625301243980738362
ProcessID=4 : Parent_ProcessID=2 : Average_Running_Time=0
ProcessID=438 : Parent_ProcessID=2 : Average_Running_Time=.00080050000000000000
ProcessID=440 : Parent_ProcessID=2 : Average_Running_Time=3.48337625000000000000
ProcessID=441 : Parent_ProcessID=2 : Average_Running_Time=.00320300000000000000
ProcessID=442 : Parent_ProcessID=2 : Average_Running_Time=.08397452272727272727
ProcessID=443 : Parent_ProcessID=2 : Average_Running_Time=.00336750000000000000
ProcessID=444 : Parent_ProcessID=2 : Average_Running_Time=.16788304166666666666
ProcessID=445 : Parent_ProcessID=2 : Average_Running_Time=.00293900000000000000
ProcessID=453 : Parent_ProcessID=2 : Average_Running_Time=.03013498741808650065
ProcessID=47 : Parent_ProcessID=2 : Average_Running_Time=0
ProcessID=510 : Parent_ProcessID=2 : Average_Running_Time=.00411250000000000000
ProcessID=520 : Parent_ProcessID=2 : Average_Running_Time=.00307100000000000000
ProcessID=557 : Parent_ProcessID=2 : Average_Running_Time=.05714874846625766871
ProcessID=558 : Parent_ProcessID=2 : Average_Running_Time=.00531750000000000000
ProcessID=6 : Parent_ProcessID=2 : Average_Running_Time=.00839300000000000000
ProcessID=727 : Parent_ProcessID=2 : Average_Running_Time=.00050838171147018332
ProcessID=728 : Parent_ProcessID=2 : Average_Running_Time=.00602400000000000000
ProcessID=729 : Parent_ProcessID=2 : Average_Running_Time=.00858050000000000000
ProcessID=7 : Parent_ProcessID=2 : Average_Running_Time=.05655682272727272727
ProcessID=755 : Parent_ProcessID=2 : Average_Running_Time=.03015516666666666666
ProcessID=756 : Parent_ProcessID=2 : Average_Running_Time=.00449950000000000000
ProcessID=763 : Parent_ProcessID=2 : Average_Running_Time=.00291750000000000000
ProcessID=767 : Parent_ProcessID=2 : Average_Running_Time=.00322300000000000000
ProcessID=768 : Parent_ProcessID=2 : Average_Running_Time=.00409950000000000000
ProcessID=771 : Parent_ProcessID=2 : Average_Running_Time=.00326650000000000000
ProcessID=772 : Parent_ProcessID=2 : Average_Running_Time=.00324750000000000000
ProcessID=773 : Parent_ProcessID=2 : Average_Running_Time=.00127050000000000000
ProcessID=774 : Parent_ProcessID=2 : Average_Running_Time=.00118950000000000000
ProcessID=775 : Parent_ProcessID=2 : Average_Running_Time=.00325200000000000000
ProcessID=776 : Parent_ProcessID=2 : Average_Running_Time=.02644833333333333333
ProcessID=814 : Parent_ProcessID=2 : Average_Running_Time=.00381150000000000000
ProcessID=816 : Parent_ProcessID=2 : Average_Running_Time=.00170150000000000000
ProcessID=817 : Parent_ProcessID=2 : Average_Running_Time=.00415650000000000000
ProcessID=8 : Parent_ProcessID=2 : Average_Running_Time=.00252350000000000000
ProcessID=9 : Parent_ProcessID=2 : Average_Running_Time=.01133577517513134851
Average_Sleeping_Children_of_ParentID=2 is .07104628320051862048
