1 0
2 0
3 0
4 0
6 0
7 0
8 0
9 0
10 0
11 0
12 0
13 0
15 0
16 0
17 0
18 0
19 0
20 0
21 0
22 0
23 0
24 0
25 0
26 0
27 0
28 0
29 0
30 0
33 0
47 0
140 0
141 0
142 0
143 0
144 0
146 0
438 0
440 0
441 0
442 0
443 0
444 0
445 0
453 0
510 0
520 0
557 0
558 0
649 0
675 0
727 0
728 0
729 0
755 0
756 0
763 0
767 0
768 0
771 0
772 0
773 0
774 0
775 0
776 0
798 0
800 0
814 0
816 0
817 0
828 0
830 0
831 0
835 0
838 0
839 0
840 0
841 0
848 0
849 0
853 0
863 0
866 0
867 0
869 0
882 0
891 0
896 0
1112 0
1115 0
1116 0
1408 0
1414 0
1420 0
1462 0
2731 0
5670 0
5671 0
