
1
2
3
4
6
8
9
10
11
12
13
15
16
17
18
19
20
21
22
23
24
25
26
27
28
29
30
33
47
140
141
142
143
144
146
437
438
439
440
441
444
445
452
510
519
558
559
649
675
729
730
732
756
757
767
769
770
771
772
773
774
775
776
797
800
816
819
820
829
830
831
832
833
834
835
837
844
845
847
863
866
867
868
884
895
897
1116
1119
1411
1416
2532
2536
2537
4545
4548
47790
47795
77235
77242
96033
96040
96041
149378
149386
149387
176312
204242
204253
204254
211235
213708
279603
474420
662896
680782
680794
718163
718175
733026
733037
733552
759953
760217
760237
760244
760245
760246
760247
760252
760253
760254
760255
760256
760257
760258
760259
1
2
3
4
6
8
9
10
11
12
13
15
16
17
18
19
20
21
22
23
24
25
26
27
28
29
30
33
47
140
141
142
143
144
146
437
438
439
440
441
444
445
452
510
519
558
559
649
675
729
730
732
756
757
767
769
770
771
772
773
774
775
776
797
800
816
819
820
829
830
831
832
833
834
835
837
844
845
847
863
866
867
868
884
895
897
1116
1119
1411
1416
2532
2536
2537
4545
4548
47790
47795
77235
77242
96033
96040
96041
149378
149386
149387
176312
204242
204253
204254
211235
213708
279603
474420
662896
680782
680794
718163
718175
733026
733037
733552
759953
760217
760270
760277
760278
760279
760282
760285
760286
760287
760288
760289
760290
760291
760292
760293
760294
760295
760296
1
2
3
4
6
8
9
10
11
12
13
15
16
17
18
19
20
21
22
23
24
25
26
27
28
29
30
33
47
140
141
142
143
144
146
437
438
439
440
441
444
445
452
510
519
558
559
649
675
729
730
732
756
757
767
769
770
771
772
773
774
775
776
797
800
816
819
820
829
830
831
832
833
834
835
837
844
845
847
863
866
867
868
884
895
897
1116
1119
1411
1416
2532
2536
2537
4545
4548
47790
47795
77235
77242
96033
96040
96041
149378
149386
149387
176312
204242
204253
204254
211235
213708
279603
474420
662896
680782
680794
718163
718175
733026
733037
733552
759953
760217
760305
760316
760317
760321
760324
760325
1
2
3
4
6
8
9
10
11
12
13
15
16
17
18
19
20
21
22
23
24
25
26
27
28
29
30
33
47
140
141
142
143
144
146
437
438
439
440
441
444
445
452
510
519
558
559
649
675
729
730
732
756
757
767
769
770
771
772
773
774
775
776
797
800
816
819
820
829
830
831
832
833
834
835
837
844
845
847
863
866
867
868
884
895
897
1116
1119
1411
1416
2532
2536
2537
4545
4548
47790
47795
77235
77242
96033
96040
96041
149378
149386
149387
176312
204242
204253
204254
211235
213708
279603
474420
662896
680782
680794
718163
718175
733026
733037
733552
759953
760217
760337
760344
760347
760348
760349
760352
760355
760356
760357
760358
760359
760360
1
2
3
4
6
8
9
10
11
12
13
15
16
17
18
19
20
21
22
23
24
25
26
27
28
29
30
33
47
140
141
142
143
144
146
437
438
439
440
441
444
445
452
510
519
558
559
649
675
729
730
732
756
757
767
769
770
771
772
773
774
775
776
797
800
816
819
820
829
830
831
832
833
834
835
837
844
845
847
863
866
867
868
884
895
897
1116
1119
1411
1416
2532
2536
2537
4545
4548
47790
47795
77235
77242
96033
96040
96041
149378
149386
149387
176312
204242
204253
204254
211235
213708
279603
474420
662896
680782
680794
718163
718175
733026
733037
733552
759953
760217
760373
760376
760379
760382
760383
760384
760385
760386
760387
760388
760389
760390
760391
760392
760393
1
2
3
4
6
8
9
10
11
12
13
15
16
17
18
19
20
21
22
23
24
25
26
27
28
29
30
33
47
140
141
142
143
144
146
437
438
439
440
441
444
445
452
510
519
558
559
649
675
729
730
732
756
757
767
769
770
771
772
773
774
775
776
797
800
816
819
820
829
830
831
832
833
834
835
837
844
845
847
863
866
867
868
884
895
897
1116
1119
1411
1416
2532
2536
2537
4545
4548
47790
47795
77235
77242
96033
96040
96041
149378
149386
149387
176312
204242
204253
204254
211235
213708
279603
474420
662896
680782
680794
718163
718175
733026
733037
733552
759953
760217
760394
760400
760401
760404
760405
760406
760409
760411
760412
760413
760414
760415
760416
760417
760418
1
2
3
4
6
8
9
10
11
12
13
15
16
17
18
19
20
21
22
23
24
25
26
27
28
29
30
33
47
140
141
142
143
144
146
437
438
439
440
441
444
445
452
510
519
558
559
649
675
729
730
732
756
757
767
769
770
771
772
773
774
775
776
797
800
816
819
820
829
830
831
832
833
834
835
837
844
845
847
863
866
867
868
884
895
897
1116
1119
1411
1416
2532
2536
2537
4545
4548
47790
47795
77235
77242
96033
96040
96041
149378
149386
149387
176312
204242
204253
204254
211235
213708
279603
474420
662896
680782
680794
718163
718175
733026
733037
733552
759953
760217
760438
760442
760443
760447
760448
760455
760456
760459
1
2
3
4
6
8
9
10
11
12
13
15
16
17
18
19
20
21
22
23
24
25
26
27
28
29
30
33
47
140
141
142
143
144
146
437
438
439
440
441
444
445
452
510
519
558
559
649
675
729
730
732
756
757
767
769
770
771
772
773
774
775
776
797
800
816
819
820
829
830
831
832
833
834
835
837
844
845
847
863
866
867
868
884
895
897
1116
1119
1411
1416
2532
2536
2537
4545
4548
47790
47795
77235
77242
96033
96040
96041
149378
149386
149387
176312
204242
204253
204254
211235
213708
279603
474420
662896
680782
680794
718163
718175
733026
733037
733552
759953
760217
760469
760477
760479
760480
760485
760486
760487
760488
760489
760490
760491
760492
760493
760494
760495
1
2
3
4
6
8
9
10
11
12
13
15
16
17
18
19
20
21
22
23
24
25
26
27
28
29
30
33
47
140
141
142
143
144
146
437
438
439
440
441
444
445
452
510
519
558
559
649
675
729
730
732
756
757
767
769
770
771
772
773
774
775
776
797
800
816
819
820
829
830
831
832
833
834
835
837
844
845
847
863
866
867
868
884
895
897
1116
1119
1411
1416
2532
2536
2537
4545
4548
47790
47795
77235
77242
96033
96040
96041
149378
149386
149387
176312
204242
204253
204254
211235
213708
279603
474420
662896
680782
680794
718163
718175
733026
733037
733552
759953
760217
760505
760515
760516
760522
760523
760528
1
2
3
4
6
8
9
10
11
12
13
15
16
17
18
19
20
21
22
23
24
25
26
27
28
29
30
33
47
140
141
142
143
144
146
437
438
439
440
441
444
445
452
510
519
558
559
649
675
729
730
732
756
757
767
769
770
771
772
773
774
775
776
797
800
816
819
820
829
830
831
832
833
834
835
837
844
845
847
863
866
867
868
884
895
897
1116
1119
1411
1416
2532
2536
2537
4545
4548
47790
47795
77235
77242
96033
96040
96041
149378
149386
149387
176312
204242
204253
204254
211235
213708
279603
474420
662896
680782
680794
718163
718175
733026
733037
733552
759953
760217
760538
760544
760547
760548
760549
760552
760553
760554
760556
760559
1
2
3
4
6
8
9
10
11
12
13
15
16
17
18
19
20
21
22
23
24
25
26
27
28
29
30
33
47
140
141
142
143
144
146
437
438
439
440
441
444
445
452
510
519
558
559
649
675
729
730
732
756
757
767
769
770
771
772
773
774
775
776
797
800
816
819
820
829
830
831
832
833
834
835
837
844
845
847
863
866
867
868
884
895
897
1116
1119
1411
1416
2532
2536
2537
4545
4548
47790
47795
77235
77242
96033
96040
96041
149378
149386
149387
176312
204242
204253
204254
211235
213708
279603
474420
662896
680782
680794
718163
718175
733026
733037
733552
759953
760217
760572
760582
760583
760584
760589
760590
